{"numTotalTestSuites":2,"numPassedTestSuites":2,"numFailedTestSuites":0,"numPendingTestSuites":0,"numTotalTests":6,"numPassedTests":6,"numFailedTests":0,"numPendingTests":0,"numTodoTests":0,"snapshot":{"added":0,"failure":false,"filesAdded":0,"filesRemoved":0,"filesRemovedList":[],"filesUnmatched":0,"filesUpdated":0,"matched":0,"total":0,"unchecked":0,"uncheckedKeysByFile":[],"unmatched":0,"updated":0,"didUpdate":false},"startTime":1742409469162,"success":true,"testResults":[{"assertionResults":[{"ancestorTitles":["NotesView Component"],"fullName":"NotesView Component renders loading state","status":"passed","title":"renders loading state","duration":35.54842500388622,"failureMessages":[],"location":{"line":72,"column":3},"meta":{}},{"ancestorTitles":["NotesView Component"],"fullName":"NotesView Component renders error state","status":"passed","title":"renders error state","duration":5.316052004694939,"failureMessages":[],"location":{"line":88,"column":3},"meta":{}},{"ancestorTitles":["NotesView Component"],"fullName":"NotesView Component renders empty state when no notes","status":"passed","title":"renders empty state when no notes","duration":17.195184007287025,"failureMessages":[],"location":{"line":104,"column":3},"meta":{}},{"ancestorTitles":["NotesView Component"],"fullName":"NotesView Component renders notes grid when notes exist","status":"passed","title":"renders notes grid when notes exist","duration":40.26995199918747,"failureMessages":[],"location":{"line":120,"column":3},"meta":{}},{"ancestorTitles":["NotesView Component"],"fullName":"NotesView Component create note button is enabled","status":"passed","title":"create note button is enabled","duration":18.63587398827076,"failureMessages":[],"location":{"line":144,"column":3},"meta":{}},{"ancestorTitles":["NotesView Component"],"fullName":"NotesView Component page title is rendered correctly","status":"passed","title":"page title is rendered correctly","duration":16.833027005195618,"failureMessages":[],"location":{"line":152,"column":3},"meta":{}}],"startTime":1742409645344,"endTime":1742409645477.833,"status":"passed","message":"","name":"/Users/jessiesholler/Dropbox/Job_hunting/interview_challenges/sf-note-taker/src/views/notes/__tests__/notes-dashboard.test.tsx"}]}