{"numTotalTestSuites":2,"numPassedTestSuites":2,"numFailedTestSuites":0,"numPendingTestSuites":0,"numTotalTests":5,"numPassedTests":5,"numFailedTests":0,"numPendingTests":0,"numTodoTests":0,"snapshot":{"added":0,"failure":false,"filesAdded":0,"filesRemoved":0,"filesRemovedList":[],"filesUnmatched":0,"filesUpdated":0,"matched":0,"total":0,"unchecked":0,"uncheckedKeysByFile":[],"unmatched":0,"updated":0,"didUpdate":false},"startTime":1742403971794,"success":true,"testResults":[{"assertionResults":[{"ancestorTitles":["NoteEditor Component"],"fullName":"NoteEditor Component renders create mode with empty fields","status":"passed","title":"renders create mode with empty fields","duration":56.567385002970695,"failureMessages":[],"location":{"line":82,"column":3},"meta":{}},{"ancestorTitles":["NoteEditor Component"],"fullName":"NoteEditor Component renders edit mode with pre-filled note","status":"passed","title":"renders edit mode with pre-filled note","duration":8.341738998889923,"failureMessages":[],"location":{"line":94,"column":3},"meta":{}},{"ancestorTitles":["NoteEditor Component"],"fullName":"NoteEditor Component enables create button when title and body are filled","status":"passed","title":"enables create button when title and body are filled","duration":14.851444005966187,"failureMessages":[],"location":{"line":104,"column":3},"meta":{}},{"ancestorTitles":["NoteEditor Component"],"fullName":"NoteEditor Component shows mention suggestions when valid mention is typed","status":"passed","title":"shows mention suggestions when valid mention is typed","duration":15.16501098871231,"failureMessages":[],"location":{"line":118,"column":3},"meta":{}},{"ancestorTitles":["NoteEditor Component"],"fullName":"NoteEditor Component shows mention preview with RenderMentionedText","status":"passed","title":"shows mention preview with RenderMentionedText","duration":14.413589999079704,"failureMessages":[],"location":{"line":137,"column":3},"meta":{}}],"startTime":1742404048777,"endTime":1742404048886.4136,"status":"passed","message":"","name":"/Users/jessiesholler/Dropbox/Job_hunting/interview_challenges/sf-note-taker/src/views/notes/components/__tests__/note_editor.test.tsx"}]}